# JRE version: OpenJDK Runtime Environment Temurin-21.0.4+7 (21.0.4+7) (build 21.0.4+7-LTS)
# Java VM: OpenJDK 64-Bit Server VM Temurin-21.0.4+7 (21.0.4+7-LTS, mixed mode, emulated-client, sharing, tiered, compressed oops, compressed class ptrs, g1 gc, windows-amd64)
GC Precious Log:
 CardTable entry size: 512
 Card Set container configuration: InlinePtr #cards 4 size 8 Array Of Cards #cards 64 size 144 Howl #buckets 8 coarsen threshold 14745 Howl Bitmap #cards 2048 size 272 coarsen threshold 1843 Card regions per heap region 1 cards per card region 16384
 CPUs: 12 total, 12 available
 Memory: 65386M
 Large Page Support: Disabled
 NUMA Support: Disabled
 Compressed Oops: Enabled (Zero based)
 Heap Region Size: 8M
 Heap Min Capacity: 8M
 Heap Initial Capacity: 1G
 Heap Max Capacity: 16352M
 Pre-touch: Disabled
 Parallel Workers: 10
 Concurrent Workers: 3
 Concurrent Refinement Workers: 10
 Periodic GC: Disabled
Heap:
 garbage-first heap   total 114688K, used 49598K [0x0000000402000000, 0x0000000800000000)
  region size 8192K, 4 young (32768K), 1 survivors (8192K)
 Metaspace       used 19780K, committed 20864K, reserved 1114112K
  class space    used 2827K, committed 3328K, reserved 1048576K
GC Heap History (10 events):
Event: 0.927 GC heap before
{Heap before GC invocations=0 (full 0):
 garbage-first heap   total 1048576K, used 49152K [0x0000000402000000, 0x0000000800000000)
  region size 8192K, 6 young (49152K), 0 survivors (0K)
 Metaspace       used 4102K, committed 4416K, reserved 1114112K
  class space    used 493K, committed 640K, reserved 1048576K
}
Event: 0.933 GC heap after
{Heap after GC invocations=1 (full 0):
 garbage-first heap   total 1048576K, used 15551K [0x0000000402000000, 0x0000000800000000)
  region size 8192K, 1 young (8192K), 1 survivors (8192K)
 Metaspace       used 4102K, committed 4416K, reserved 1114112K
  class space    used 493K, committed 640K, reserved 1048576K
}
Event: 1.249 GC heap before
{Heap before GC invocations=1 (full 0):
 garbage-first heap   total 1048576K, used 56511K [0x0000000402000000, 0x0000000800000000)
  region size 8192K, 6 young (49152K), 1 survivors (8192K)
 Metaspace       used 8281K, committed 8640K, reserved 1114112K
  class space    used 1070K, committed 1216K, reserved 1048576K
}
Event: 1.254 GC heap after
{Heap after GC invocations=2 (full 0):
 garbage-first heap   total 1048576K, used 22627K [0x0000000402000000, 0x0000000800000000)
  region size 8192K, 1 young (8192K), 1 survivors (8192K)
 Metaspace       used 8281K, committed 8640K, reserved 1114112K
  class space    used 1070K, committed 1216K, reserved 1048576K
}
Event: 1.318 GC heap before
{Heap before GC invocations=2 (full 0):
 garbage-first heap   total 1048576K, used 22627K [0x0000000402000000, 0x0000000800000000)
  region size 8192K, 2 young (16384K), 1 survivors (8192K)
 Metaspace       used 8816K, committed 9152K, reserved 1114112K
  class space    used 1153K, committed 1280K, reserved 1048576K
}
Event: 1.321 GC heap after
{Heap after GC invocations=3 (full 0):
 garbage-first heap   total 1048576K, used 23556K [0x0000000402000000, 0x0000000800000000)
  region size 8192K, 1 young (8192K), 1 survivors (8192K)
 Metaspace       used 8816K, committed 9152K, reserved 1114112K
  class space    used 1153K, committed 1280K, reserved 1048576K
}
Event: 1.646 GC heap before
{Heap before GC invocations=4 (full 0):
 garbage-first heap   total 114688K, used 80900K [0x0000000402000000, 0x0000000800000000)
  region size 8192K, 8 young (65536K), 1 survivors (8192K)
 Metaspace       used 14868K, committed 15424K, reserved 1114112K
  class space    used 1998K, committed 2240K, reserved 1048576K
}
Event: 1.649 GC heap after
{Heap after GC invocations=5 (full 0):
 garbage-first heap   total 114688K, used 27300K [0x0000000402000000, 0x0000000800000000)
  region size 8192K, 1 young (8192K), 1 survivors (8192K)
 Metaspace       used 14868K, committed 15424K, reserved 1114112K
  class space    used 1998K, committed 2240K, reserved 1048576K
}
Event: 1.783 GC heap before
{Heap before GC invocations=5 (full 0):
 garbage-first heap   total 114688K, used 68260K [0x0000000402000000, 0x0000000800000000)
  region size 8192K, 7 young (57344K), 1 survivors (8192K)
 Metaspace       used 19369K, committed 20416K, reserved 1114112K
  class space    used 2775K, committed 3264K, reserved 1048576K
}
Event: 1.790 GC heap after
{Heap after GC invocations=6 (full 0):
 garbage-first heap   total 114688K, used 33214K [0x0000000402000000, 0x0000000800000000)
  region size 8192K, 1 young (8192K), 1 survivors (8192K)
 Metaspace       used 19369K, committed 20416K, reserved 1114112K
  class space    used 2775K, committed 3264K, reserved 1048576K
}

