# JRE version: OpenJDK Runtime Environment Corretto-22.0.1.8.1 (22.0.1+8) (build 22.0.1+8-FR)
# Java VM: OpenJDK 64-Bit Server VM Corretto-22.0.1.8.1 (22.0.1+8-FR, mixed mode, emulated-client, sharing, tiered, compressed oops, compressed class ptrs, g1 gc, windows-amd64)
GC Precious Log:
 CardTable entry size: 512
 Card Set container configuration: InlinePtr #cards 4 size 8 Array Of Cards #cards 16 size 48 Howl #buckets 8 coarsen threshold 3686 Howl Bitmap #cards 512 size 80 coarsen threshold 460 Card regions per heap region 1 cards per card region 4096
 CPUs: 8 total, 8 available
 Memory: 16236M
 Large Page Support: Disabled
 NUMA Support: Disabled
 Compressed Oops: Enabled (Zero based)
 Heap Region Size: 2M
 Heap Min Capacity: 8M
 Heap Initial Capacity: 254M
 Heap Max Capacity: 4060M
 Pre-touch: Disabled
 Parallel Workers: 8
 Concurrent Workers: 2
 Concurrent Refinement Workers: 8
 Periodic GC: Disabled
Heap:
 garbage-first heap   total reserved 4157440K, committed 90112K, used 64078K [0x0000000702400000, 0x0000000800000000)
  region size 2048K, 21 young (43008K), 2 survivors (4096K)
 Metaspace       used 19562K, committed 20480K, reserved 1114112K
  class space    used 2856K, committed 3264K, reserved 1048576K
GC Heap History (12 events):
Event: 2.450 GC heap before
{Heap before GC invocations=0 (full 0):
 garbage-first heap   total reserved 4157440K, committed 260096K, used 22528K [0x0000000702400000, 0x0000000800000000)
  region size 2048K, 12 young (24576K), 0 survivors (0K)
 Metaspace       used 3853K, committed 4160K, reserved 1114112K
  class space    used 473K, committed 640K, reserved 1048576K
}
Event: 2.456 GC heap after
{Heap after GC invocations=1 (full 0):
 garbage-first heap   total reserved 4157440K, committed 260096K, used 11518K [0x0000000702400000, 0x0000000800000000)
  region size 2048K, 2 young (4096K), 2 survivors (4096K)
 Metaspace       used 3853K, committed 4160K, reserved 1114112K
  class space    used 473K, committed 640K, reserved 1048576K
}
Event: 2.525 GC heap before
{Heap before GC invocations=1 (full 0):
 garbage-first heap   total reserved 4157440K, committed 260096K, used 29950K [0x0000000702400000, 0x0000000800000000)
  region size 2048K, 11 young (22528K), 2 survivors (4096K)
 Metaspace       used 3854K, committed 4160K, reserved 1114112K
  class space    used 473K, committed 640K, reserved 1048576K
}
Event: 2.530 GC heap after
{Heap after GC invocations=2 (full 0):
 garbage-first heap   total reserved 4157440K, committed 260096K, used 16295K [0x0000000702400000, 0x0000000800000000)
  region size 2048K, 2 young (4096K), 2 survivors (4096K)
 Metaspace       used 3854K, committed 4160K, reserved 1114112K
  class space    used 473K, committed 640K, reserved 1048576K
}
Event: 2.990 GC heap before
{Heap before GC invocations=2 (full 0):
 garbage-first heap   total reserved 4157440K, committed 260096K, used 59303K [0x0000000702400000, 0x0000000800000000)
  region size 2048K, 23 young (47104K), 2 survivors (4096K)
 Metaspace       used 8117K, committed 8448K, reserved 1114112K
  class space    used 1074K, committed 1216K, reserved 1048576K
}
Event: 2.998 GC heap after
{Heap after GC invocations=3 (full 0):
 garbage-first heap   total reserved 4157440K, committed 260096K, used 23053K [0x0000000702400000, 0x0000000800000000)
  region size 2048K, 3 young (6144K), 3 survivors (6144K)
 Metaspace       used 8117K, committed 8448K, reserved 1114112K
  class space    used 1074K, committed 1216K, reserved 1048576K
}
Event: 3.072 GC heap before
{Heap before GC invocations=3 (full 0):
 garbage-first heap   total reserved 4157440K, committed 260096K, used 27149K [0x0000000702400000, 0x0000000800000000)
  region size 2048K, 6 young (12288K), 3 survivors (6144K)
 Metaspace       used 8449K, committed 8832K, reserved 1114112K
  class space    used 1130K, committed 1280K, reserved 1048576K
}
Event: 3.077 GC heap after
{Heap after GC invocations=4 (full 0):
 garbage-first heap   total reserved 4157440K, committed 260096K, used 24348K [0x0000000702400000, 0x0000000800000000)
  region size 2048K, 1 young (2048K), 1 survivors (2048K)
 Metaspace       used 8449K, committed 8832K, reserved 1114112K
  class space    used 1130K, committed 1280K, reserved 1048576K
}
Event: 3.414 GC heap before
{Heap before GC invocations=5 (full 0):
 garbage-first heap   total reserved 4157440K, committed 90112K, used 75548K [0x0000000702400000, 0x0000000800000000)
  region size 2048K, 26 young (53248K), 1 survivors (2048K)
 Metaspace       used 13526K, committed 14016K, reserved 1114112K
  class space    used 1852K, committed 2048K, reserved 1048576K
}
Event: 3.418 GC heap after
{Heap after GC invocations=6 (full 0):
 garbage-first heap   total reserved 4157440K, committed 90112K, used 31429K [0x0000000702400000, 0x0000000800000000)
  region size 2048K, 2 young (4096K), 2 survivors (4096K)
 Metaspace       used 13526K, committed 14016K, reserved 1114112K
  class space    used 1852K, committed 2048K, reserved 1048576K
}
Event: 3.565 GC heap before
{Heap before GC invocations=6 (full 0):
 garbage-first heap   total reserved 4157440K, committed 90112K, used 64197K [0x0000000702400000, 0x0000000800000000)
  region size 2048K, 19 young (38912K), 2 survivors (4096K)
 Metaspace       used 17149K, committed 18112K, reserved 1114112K
  class space    used 2512K, committed 2944K, reserved 1048576K
}
Event: 3.570 GC heap after
{Heap after GC invocations=7 (full 0):
 garbage-first heap   total reserved 4157440K, committed 90112K, used 29262K [0x0000000702400000, 0x0000000800000000)
  region size 2048K, 2 young (4096K), 2 survivors (4096K)
 Metaspace       used 17149K, committed 18112K, reserved 1114112K
  class space    used 2512K, committed 2944K, reserved 1048576K
}

